[0m03:42:15.582157 [debug] [MainThread]: Sending event: {'category': 'dbt', 'action': 'invocation', 'label': 'start', 'context': [<snowplow_tracker.self_describing_json.SelfDescribingJson object at 0x000002B0EE687A10>, <snowplow_tracker.self_describing_json.SelfDescribingJson object at 0x000002B0F0B5BB10>, <snowplow_tracker.self_describing_json.SelfDescribingJson object at 0x000002B0F0B5B890>]}


============================== 03:42:15.586160 | 3d970124-8e43-49ba-a915-ce335346d822 ==============================
[0m03:42:15.586160 [info ] [MainThread]: Running with dbt=1.11.11
[0m03:42:15.587098 [debug] [MainThread]: running dbt with arguments {'static_parser': 'True', 'no_print': 'None', 'version_check': 'True', 'target_path': 'None', 'warn_error_options': 'WarnErrorOptionsV2(error=[], warn=[], silence=[])', 'printer_width': '80', 'write_json': 'True', 'empty': 'None', 'log_cache_events': 'False', 'introspect': 'True', 'cache_selected_only': 'False', 'log_format': 'default', 'debug': 'False', 'fail_fast': 'False', 'profiles_dir': 'C:\\Users\\SACHIN\\.dbt', 'send_anonymous_usage_stats': 'True', 'quiet': 'False', 'warn_error': 'None', 'partial_parse': 'True', 'use_colors': 'True', 'indirect_selection': 'eager', 'invocation_command': 'dbt init fenzo_dbt', 'use_experimental_parser': 'False', 'log_path': 'logs'}
[0m03:42:15.612631 [debug] [MainThread]: Starter project path: D:\Software\Program Files\Python\Lib\site-packages\dbt\include\starter_project
[0m03:42:15.627992 [info ] [MainThread]: 
Your new dbt project "fenzo_dbt" was created!

For more information on how to configure the profiles.yml file,
please consult the dbt documentation here:

  https://docs.getdbt.com/docs/configure-your-profile

One more thing:

Need help? Don't hesitate to reach out to us via GitHub issues or on Slack:

  https://community.getdbt.com/

Happy modeling!

[0m03:42:15.628742 [info ] [MainThread]: Setting up your profile.
[0m03:51:47.093519 [debug] [MainThread]: Command `dbt init` failed at 03:51:47.093290 after 571.69 seconds
[0m03:51:47.094111 [debug] [MainThread]: Flushing usage events
[0m03:51:49.647104 [debug] [MainThread]: An error was encountered while trying to flush usage events
[0m03:52:05.435058 [debug] [MainThread]: Sending event: {'category': 'dbt', 'action': 'invocation', 'label': 'start', 'context': [<snowplow_tracker.self_describing_json.SelfDescribingJson object at 0x0000024745DB7B60>, <snowplow_tracker.self_describing_json.SelfDescribingJson object at 0x000002474829FB10>, <snowplow_tracker.self_describing_json.SelfDescribingJson object at 0x000002474829F890>]}


============================== 03:52:05.440457 | 5f6b1938-d69b-47af-8c18-bf1ff73a5608 ==============================
[0m03:52:05.440457 [info ] [MainThread]: Running with dbt=1.11.11
[0m03:52:05.441405 [debug] [MainThread]: running dbt with arguments {'static_parser': 'True', 'no_print': 'None', 'version_check': 'True', 'warn_error_options': 'WarnErrorOptionsV2(error=[], warn=[], silence=[])', 'target_path': 'None', 'printer_width': '80', 'write_json': 'True', 'introspect': 'True', 'log_cache_events': 'False', 'empty': 'None', 'cache_selected_only': 'False', 'fail_fast': 'False', 'debug': 'False', 'log_format': 'default', 'partial_parse': 'True', 'send_anonymous_usage_stats': 'True', 'quiet': 'False', 'warn_error': 'None', 'profiles_dir': 'C:\\Users\\SACHIN\\.dbt', 'indirect_selection': 'eager', 'invocation_command': 'dbt init fenzo_dbt', 'use_colors': 'True', 'use_experimental_parser': 'False', 'log_path': 'logs'}
[0m03:52:05.466647 [info ] [MainThread]: A project called fenzo_dbt already exists here.
[0m03:52:05.468827 [debug] [MainThread]: Command `dbt init` succeeded at 03:52:05.468629 after 0.24 seconds
[0m03:52:05.469352 [debug] [MainThread]: Sending event: {'category': 'dbt', 'action': 'invocation', 'label': 'end', 'context': [<snowplow_tracker.self_describing_json.SelfDescribingJson object at 0x00000247482B2060>, <snowplow_tracker.self_describing_json.SelfDescribingJson object at 0x000002474836F0B0>, <snowplow_tracker.self_describing_json.SelfDescribingJson object at 0x00000247482F0AF0>]}
[0m03:52:05.469959 [debug] [MainThread]: Flushing usage events
[0m03:52:05.846861 [debug] [MainThread]: An error was encountered while trying to flush usage events
